app/build/intermediates/manifest_merge_blame_file/debug/manifest-merger-blame-debug-report.txt
1<?xml version="1.0" encoding="utf-8"?>
2<!--
3  ~ Copyright (C) 2019 Google Inc.
4  ~
5  ~ Licensed under the Apache License, Version 2.0 (the "License");
6  ~ you may not use this file except in compliance with the License.
7  ~ You may obtain a copy of the License at
8  ~
9  ~     http://www.apache.org/licenses/LICENSE-2.0
10  ~
11  ~ Unless required by applicable law or agreed to in writing, software
12  ~ distributed under the License is distributed on an "AS IS" BASIS,
13  ~ WITHOUT WARRANTIES OR CONDITIONS OF ANY KIND, either express or implied.
14  ~ See the License for the specific language governing permissions and
15  ~ limitations under the License.
16-->
17<manifest xmlns:android="http://schemas.android.com/apk/res/android"
18    package="com.example.android.devbyteviewer"
19    android:versionCode="1"
20    android:versionName="1.0" >
21
22    <uses-sdk
23        android:minSdkVersion="19"
23-->src\main\AndroidManifest.xml
24        android:targetSdkVersion="30" />
24-->src\main\AndroidManifest.xml
25
26    <uses-permission android:name="android.permission.INTERNET" />
26-->src\main\AndroidManifest.xml:22:5-67
26-->src\main\AndroidManifest.xml:22:22-64
27    <uses-permission android:name="android.permission.WAKE_LOCK" />
27-->[androidx.work:work-runtime:2.7.1] AndroidManifest.xml:25:5-68
27-->[androidx.work:work-runtime:2.7.1] AndroidManifest.xml:25:22-65
28    <uses-permission android:name="android.permission.ACCESS_NETWORK_STATE" />
28-->[androidx.work:work-runtime:2.7.1] AndroidManifest.xml:26:5-79
28-->[androidx.work:work-runtime:2.7.1] AndroidManifest.xml:26:22-76
29    <uses-permission android:name="android.permission.RECEIVE_BOOT_COMPLETED" />
29-->[androidx.work:work-runtime:2.7.1] AndroidManifest.xml:27:5-81
29-->[androidx.work:work-runtime:2.7.1] AndroidManifest.xml:27:22-78
30    <uses-permission android:name="android.permission.FOREGROUND_SERVICE" />
30-->[androidx.work:work-runtime:2.7.1] AndroidManifest.xml:28:5-77
30-->[androidx.work:work-runtime:2.7.1] AndroidManifest.xml:28:22-74
31
32    <application
32-->src\main\AndroidManifest.xml:24:5-40:19
33        android:name="com.example.android.devbyteviewer.DevByteApplication"
33-->src\main\AndroidManifest.xml:25:9-43
34        android:allowBackup="true"
34-->src\main\AndroidManifest.xml:26:9-35
35        android:appComponentFactory="androidx.core.app.CoreComponentFactory"
35-->[androidx.core:core:1.6.0] AndroidManifest.xml:24:18-86
36        android:debuggable="true"
37        android:icon="@mipmap/ic_launcher"
37-->src\main\AndroidManifest.xml:27:9-43
38        android:label="@string/app_name"
38-->src\main\AndroidManifest.xml:28:9-41
39        android:roundIcon="@mipmap/ic_launcher_round"
39-->src\main\AndroidManifest.xml:29:9-54
40        android:supportsRtl="true"
40-->src\main\AndroidManifest.xml:30:9-35
41        android:testOnly="true"
42        android:theme="@style/AppTheme" >
42-->src\main\AndroidManifest.xml:31:9-40
43        <activity android:name="com.example.android.devbyteviewer.ui.DevByteActivity" >
43-->src\main\AndroidManifest.xml:33:9-39:20
43-->src\main\AndroidManifest.xml:33:19-53
44            <intent-filter>
44-->src\main\AndroidManifest.xml:34:13-38:29
45                <action android:name="android.intent.action.MAIN" />
45-->src\main\AndroidManifest.xml:35:17-69
45-->src\main\AndroidManifest.xml:35:25-66
46
47                <category android:name="android.intent.category.LAUNCHER" />
47-->src\main\AndroidManifest.xml:37:17-77
47-->src\main\AndroidManifest.xml:37:27-74
48            </intent-filter>
49        </activity>
50
51        <provider
51-->[androidx.work:work-runtime:2.7.1] AndroidManifest.xml:31:9-39:20
52            android:name="androidx.startup.InitializationProvider"
52-->[androidx.work:work-runtime:2.7.1] AndroidManifest.xml:32:13-67
53            android:authorities="com.example.android.devbyteviewer.androidx-startup"
53-->[androidx.work:work-runtime:2.7.1] AndroidManifest.xml:33:13-68
54            android:exported="false" >
54-->[androidx.work:work-runtime:2.7.1] AndroidManifest.xml:34:13-37
55            <meta-data
55-->[androidx.work:work-runtime:2.7.1] AndroidManifest.xml:36:13-38:52
56                android:name="androidx.work.WorkManagerInitializer"
56-->[androidx.work:work-runtime:2.7.1] AndroidManifest.xml:37:17-68
57                android:value="androidx.startup" />
57-->[androidx.work:work-runtime:2.7.1] AndroidManifest.xml:38:17-49
58        </provider>
59
60        <service
60-->[androidx.work:work-runtime:2.7.1] AndroidManifest.xml:41:9-46:35
61            android:name="androidx.work.impl.background.systemalarm.SystemAlarmService"
61-->[androidx.work:work-runtime:2.7.1] AndroidManifest.xml:42:13-88
62            android:directBootAware="false"
62-->[androidx.work:work-runtime:2.7.1] AndroidManifest.xml:43:13-44
63            android:enabled="@bool/enable_system_alarm_service_default"
63-->[androidx.work:work-runtime:2.7.1] AndroidManifest.xml:44:13-72
64            android:exported="false" />
64-->[androidx.work:work-runtime:2.7.1] AndroidManifest.xml:45:13-37
65        <service
65-->[androidx.work:work-runtime:2.7.1] AndroidManifest.xml:47:9-53:35
66            android:name="androidx.work.impl.background.systemjob.SystemJobService"
66-->[androidx.work:work-runtime:2.7.1] AndroidManifest.xml:48:13-84
67            android:directBootAware="false"
67-->[androidx.work:work-runtime:2.7.1] AndroidManifest.xml:49:13-44
68            android:enabled="@bool/enable_system_job_service_default"
68-->[androidx.work:work-runtime:2.7.1] AndroidManifest.xml:50:13-70
69            android:exported="true"
69-->[androidx.work:work-runtime:2.7.1] AndroidManifest.xml:51:13-36
70            android:permission="android.permission.BIND_JOB_SERVICE" />
70-->[androidx.work:work-runtime:2.7.1] AndroidManifest.xml:52:13-69
71        <service
71-->[androidx.work:work-runtime:2.7.1] AndroidManifest.xml:54:9-59:35
72            android:name="androidx.work.impl.foreground.SystemForegroundService"
72-->[androidx.work:work-runtime:2.7.1] AndroidManifest.xml:55:13-81
73            android:directBootAware="false"
73-->[androidx.work:work-runtime:2.7.1] AndroidManifest.xml:56:13-44
74            android:enabled="@bool/enable_system_foreground_service_default"
74-->[androidx.work:work-runtime:2.7.1] AndroidManifest.xml:57:13-77
75            android:exported="false" />
75-->[androidx.work:work-runtime:2.7.1] AndroidManifest.xml:58:13-37
76
77        <receiver
77-->[androidx.work:work-runtime:2.7.1] AndroidManifest.xml:61:9-66:35
78            android:name="androidx.work.impl.utils.ForceStopRunnable$BroadcastReceiver"
78-->[androidx.work:work-runtime:2.7.1] AndroidManifest.xml:62:13-88
79            android:directBootAware="false"
79-->[androidx.work:work-runtime:2.7.1] AndroidManifest.xml:63:13-44
80            android:enabled="true"
80-->[androidx.work:work-runtime:2.7.1] AndroidManifest.xml:64:13-35
81            android:exported="false" />
81-->[androidx.work:work-runtime:2.7.1] AndroidManifest.xml:65:13-37
82        <receiver
82-->[androidx.work:work-runtime:2.7.1] AndroidManifest.xml:67:9-77:20
83            android:name="androidx.work.impl.background.systemalarm.ConstraintProxy$BatteryChargingProxy"
83-->[androidx.work:work-runtime:2.7.1] AndroidManifest.xml:68:13-106
84            android:directBootAware="false"
84-->[androidx.work:work-runtime:2.7.1] AndroidManifest.xml:69:13-44
85            android:enabled="false"
85-->[androidx.work:work-runtime:2.7.1] AndroidManifest.xml:70:13-36
86            android:exported="false" >
86-->[androidx.work:work-runtime:2.7.1] AndroidManifest.xml:71:13-37
87            <intent-filter>
87-->[androidx.work:work-runtime:2.7.1] AndroidManifest.xml:73:13-76:29
88                <action android:name="android.intent.action.ACTION_POWER_CONNECTED" />
88-->[androidx.work:work-runtime:2.7.1] AndroidManifest.xml:74:17-87
88-->[androidx.work:work-runtime:2.7.1] AndroidManifest.xml:74:25-84
89                <action android:name="android.intent.action.ACTION_POWER_DISCONNECTED" />
89-->[androidx.work:work-runtime:2.7.1] AndroidManifest.xml:75:17-90
89-->[androidx.work:work-runtime:2.7.1] AndroidManifest.xml:75:25-87
90            </intent-filter>
91        </receiver>
92        <receiver
92-->[androidx.work:work-runtime:2.7.1] AndroidManifest.xml:78:9-88:20
93            android:name="androidx.work.impl.background.systemalarm.ConstraintProxy$BatteryNotLowProxy"
93-->[androidx.work:work-runtime:2.7.1] AndroidManifest.xml:79:13-104
94            android:directBootAware="false"
94-->[androidx.work:work-runtime:2.7.1] AndroidManifest.xml:80:13-44
95            android:enabled="false"
95-->[androidx.work:work-runtime:2.7.1] AndroidManifest.xml:81:13-36
96            android:exported="false" >
96-->[androidx.work:work-runtime:2.7.1] AndroidManifest.xml:82:13-37
97            <intent-filter>
97-->[androidx.work:work-runtime:2.7.1] AndroidManifest.xml:84:13-87:29
98                <action android:name="android.intent.action.BATTERY_OKAY" />
98-->[androidx.work:work-runtime:2.7.1] AndroidManifest.xml:85:17-77
98-->[androidx.work:work-runtime:2.7.1] AndroidManifest.xml:85:25-74
99                <action android:name="android.intent.action.BATTERY_LOW" />
99-->[androidx.work:work-runtime:2.7.1] AndroidManifest.xml:86:17-76
99-->[androidx.work:work-runtime:2.7.1] AndroidManifest.xml:86:25-73
100            </intent-filter>
101        </receiver>
102        <receiver
102-->[androidx.work:work-runtime:2.7.1] AndroidManifest.xml:89:9-99:20
103            android:name="androidx.work.impl.background.systemalarm.ConstraintProxy$StorageNotLowProxy"
103-->[androidx.work:work-runtime:2.7.1] AndroidManifest.xml:90:13-104
104            android:directBootAware="false"
104-->[androidx.work:work-runtime:2.7.1] AndroidManifest.xml:91:13-44
105            android:enabled="false"
105-->[androidx.work:work-runtime:2.7.1] AndroidManifest.xml:92:13-36
106            android:exported="false" >
106-->[androidx.work:work-runtime:2.7.1] AndroidManifest.xml:93:13-37
107            <intent-filter>
107-->[androidx.work:work-runtime:2.7.1] AndroidManifest.xml:95:13-98:29
108                <action android:name="android.intent.action.DEVICE_STORAGE_LOW" />
108-->[androidx.work:work-runtime:2.7.1] AndroidManifest.xml:96:17-83
108-->[androidx.work:work-runtime:2.7.1] AndroidManifest.xml:96:25-80
109                <action android:name="android.intent.action.DEVICE_STORAGE_OK" />
109-->[androidx.work:work-runtime:2.7.1] AndroidManifest.xml:97:17-82
109-->[androidx.work:work-runtime:2.7.1] AndroidManifest.xml:97:25-79
110            </intent-filter>
111        </receiver>
112        <receiver
112-->[androidx.work:work-runtime:2.7.1] AndroidManifest.xml:100:9-109:20
113            android:name="androidx.work.impl.background.systemalarm.ConstraintProxy$NetworkStateProxy"
113-->[androidx.work:work-runtime:2.7.1] AndroidManifest.xml:101:13-103
114            android:directBootAware="false"
114-->[androidx.work:work-runtime:2.7.1] AndroidManifest.xml:102:13-44
115            android:enabled="false"
115-->[androidx.work:work-runtime:2.7.1] AndroidManifest.xml:103:13-36
116            android:exported="false" >
116-->[androidx.work:work-runtime:2.7.1] AndroidManifest.xml:104:13-37
117            <intent-filter>
117-->[androidx.work:work-runtime:2.7.1] AndroidManifest.xml:106:13-108:29
118                <action android:name="android.net.conn.CONNECTIVITY_CHANGE" />
118-->[androidx.work:work-runtime:2.7.1] AndroidManifest.xml:107:17-79
118-->[androidx.work:work-runtime:2.7.1] AndroidManifest.xml:107:25-76
119            </intent-filter>
120        </receiver>
121        <receiver
121-->[androidx.work:work-runtime:2.7.1] AndroidManifest.xml:110:9-121:20
122            android:name="androidx.work.impl.background.systemalarm.RescheduleReceiver"
122-->[androidx.work:work-runtime:2.7.1] AndroidManifest.xml:111:13-88
123            android:directBootAware="false"
123-->[androidx.work:work-runtime:2.7.1] AndroidManifest.xml:112:13-44
124            android:enabled="false"
124-->[androidx.work:work-runtime:2.7.1] AndroidManifest.xml:113:13-36
125            android:exported="false" >
125-->[androidx.work:work-runtime:2.7.1] AndroidManifest.xml:114:13-37
126            <intent-filter>
126-->[androidx.work:work-runtime:2.7.1] AndroidManifest.xml:116:13-120:29
127                <action android:name="android.intent.action.BOOT_COMPLETED" />
127-->[androidx.work:work-runtime:2.7.1] AndroidManifest.xml:117:17-79
127-->[androidx.work:work-runtime:2.7.1] AndroidManifest.xml:117:25-76
128                <action android:name="android.intent.action.TIME_SET" />
128-->[androidx.work:work-runtime:2.7.1] AndroidManifest.xml:118:17-73
128-->[androidx.work:work-runtime:2.7.1] AndroidManifest.xml:118:25-70
129                <action android:name="android.intent.action.TIMEZONE_CHANGED" />
129-->[androidx.work:work-runtime:2.7.1] AndroidManifest.xml:119:17-81
129-->[androidx.work:work-runtime:2.7.1] AndroidManifest.xml:119:25-78
130            </intent-filter>
131        </receiver>
132        <receiver
132-->[androidx.work:work-runtime:2.7.1] AndroidManifest.xml:122:9-131:20
133            android:name="androidx.work.impl.background.systemalarm.ConstraintProxyUpdateReceiver"
133-->[androidx.work:work-runtime:2.7.1] AndroidManifest.xml:123:13-99
134            android:directBootAware="false"
134-->[androidx.work:work-runtime:2.7.1] AndroidManifest.xml:124:13-44
135            android:enabled="@bool/enable_system_alarm_service_default"
135-->[androidx.work:work-runtime:2.7.1] AndroidManifest.xml:125:13-72
136            android:exported="false" >
136-->[androidx.work:work-runtime:2.7.1] AndroidManifest.xml:126:13-37
137            <intent-filter>
137-->[androidx.work:work-runtime:2.7.1] AndroidManifest.xml:128:13-130:29
138                <action android:name="androidx.work.impl.background.systemalarm.UpdateProxies" />
138-->[androidx.work:work-runtime:2.7.1] AndroidManifest.xml:129:17-98
138-->[androidx.work:work-runtime:2.7.1] AndroidManifest.xml:129:25-95
139            </intent-filter>
140        </receiver>
141        <receiver
141-->[androidx.work:work-runtime:2.7.1] AndroidManifest.xml:132:9-142:20
142            android:name="androidx.work.impl.diagnostics.DiagnosticsReceiver"
142-->[androidx.work:work-runtime:2.7.1] AndroidManifest.xml:133:13-78
143            android:directBootAware="false"
143-->[androidx.work:work-runtime:2.7.1] AndroidManifest.xml:134:13-44
144            android:enabled="true"
144-->[androidx.work:work-runtime:2.7.1] AndroidManifest.xml:135:13-35
145            android:exported="true"
145-->[androidx.work:work-runtime:2.7.1] AndroidManifest.xml:136:13-36
146            android:permission="android.permission.DUMP" >
146-->[androidx.work:work-runtime:2.7.1] AndroidManifest.xml:137:13-57
147            <intent-filter>
147-->[androidx.work:work-runtime:2.7.1] AndroidManifest.xml:139:13-141:29
148                <action android:name="androidx.work.diagnostics.REQUEST_DIAGNOSTICS" />
148-->[androidx.work:work-runtime:2.7.1] AndroidManifest.xml:140:17-88
148-->[androidx.work:work-runtime:2.7.1] AndroidManifest.xml:140:25-85
149            </intent-filter>
150        </receiver>
151
152        <service
152-->[androidx.room:room-runtime:2.2.5] AndroidManifest.xml:25:9-28:40
153            android:name="androidx.room.MultiInstanceInvalidationService"
153-->[androidx.room:room-runtime:2.2.5] AndroidManifest.xml:26:13-74
154            android:directBootAware="true"
154-->[androidx.room:room-runtime:2.2.5] AndroidManifest.xml:27:13-43
155            android:exported="false" />
155-->[androidx.room:room-runtime:2.2.5] AndroidManifest.xml:28:13-37
156
157        <provider
157-->[androidx.lifecycle:lifecycle-process:2.2.0] AndroidManifest.xml:25:9-29:43
158            android:name="androidx.lifecycle.ProcessLifecycleOwnerInitializer"
158-->[androidx.lifecycle:lifecycle-process:2.2.0] AndroidManifest.xml:26:13-79
159            android:authorities="com.example.android.devbyteviewer.lifecycle-process"
159-->[androidx.lifecycle:lifecycle-process:2.2.0] AndroidManifest.xml:27:13-69
160            android:exported="false"
160-->[androidx.lifecycle:lifecycle-process:2.2.0] AndroidManifest.xml:28:13-37
161            android:multiprocess="true" />
161-->[androidx.lifecycle:lifecycle-process:2.2.0] AndroidManifest.xml:29:13-40
162    </application>
163
164</manifest>